<?xml version="1.0" encoding="UTF-8"?>
<!-- Generated by org.testng.reporters.JUnitReportReporter -->
<testsuite hostname="PrabhatsPC" failures="0" tests="5" name="Demo.SimpleBook" time="11.529" errors="0" timestamp="2023-05-16T01:14:14 IST" skipped="0">
  <testcase classname="Demo.SimpleBook" name="authentication" time="4.969"/>
  <system-out/>
  <testcase classname="Demo.SimpleBook" name="OrderBookToken" time="1.453"/>
  <system-out/>
  <testcase classname="Demo.SimpleBook" name="updateBookName" time="1.867"/>
  <system-out/>
  <testcase classname="Demo.SimpleBook" name="getBookDetails" time="1.546"/>
  <system-out/>
  <testcase classname="Demo.SimpleBook" name="deleteBook" time="1.694"/>
  <system-out/>
</testsuite> <!-- Demo.SimpleBook -->
