<?xml version="1.0" encoding="UTF-8"?>
<!-- Generated by org.testng.reporters.JUnitReportReporter -->
<testsuite hostname="PrabhatsPC" failures="0" tests="1" name="Demo.unittestj" time="0.012" errors="0" timestamp="2023-04-27T17:06:34 IST" skipped="0">
  <testcase classname="Demo.unittestj" name="tc1" time="0.012"/>
  <system-out/>
</testsuite> <!-- Demo.unittestj -->
