<?xml version="1.0" encoding="UTF-8"?>
<!-- Generated by org.testng.reporters.JUnitReportReporter -->
<testsuite hostname="PrabhatsPC" failures="0" tests="4" name="Demo.TrelloAPI" time="6.526" errors="0" timestamp="2023-05-16T01:28:54 IST" skipped="0">
  <testcase classname="Demo.TrelloAPI" name="CreateBoard" time="3.648"/>
  <system-out/>
  <testcase classname="Demo.TrelloAPI" name="UpdateBoard" time="0.740"/>
  <system-out/>
  <testcase classname="Demo.TrelloAPI" name="GetBoard" time="0.754"/>
  <system-out/>
  <testcase classname="Demo.TrelloAPI" name="DeleteBoard" time="1.384"/>
  <system-out/>
</testsuite> <!-- Demo.TrelloAPI -->
